<?xml version="1.0" encoding="UTF-8"?>
<robot generator="Robot 3.1.2 (Python 3.8.0 on win32)" generated="20191114 23:40:28.273" rpa="false">
<suite id="s1" name="Pokemon" source="C:\development\pokemon\pokemon\Tests\Pokemon.robot">
<test id="s1-t1" name="Simple Web GUI Test">
<kw name="Open Browser" library="SeleniumLibrary">
<doc>Opens a new browser instance to the optional ``url``.</doc>
<arguments>
<arg>${START_URL}</arg>
<arg>${BROWSER}</arg>
<arg>remote_url=https://dtranphoto:bd4e1021-fbf7-42cc-8520-f049d3779343@ondemand.saucelabs.com:443/wd/hub</arg>
<arg>desired_capabilities=name:Win 10 + Chrome 70,platform:Windows 10,browserName:chrome,version:70.0</arg>
</arguments>
<msg timestamp="20191114 23:40:28.412" level="INFO">Opening browser 'chrome' to base url 'https://www.pokemon.com/us/' through remote server at 'https://dtranphoto:bd4e1021-fbf7-42cc-8520-f049d3779343@ondemand.saucelabs.com:443/wd/hub'.</msg>
<status status="PASS" starttime="20191114 23:40:28.412" endtime="20191114 23:40:36.897"></status>
</kw>
<kw name="Wait Until Page Contains" library="SeleniumLibrary">
<doc>Waits until ``text`` appears on the current page.</doc>
<arguments>
<arg>Home</arg>
</arguments>
<status status="PASS" starttime="20191114 23:40:36.898" endtime="20191114 23:40:37.292"></status>
</kw>
<kw name="Click Link" library="SeleniumLibrary">
<doc>Clicks a link identified by ``locator``.</doc>
<arguments>
<arg>/us/pokedex/</arg>
</arguments>
<msg timestamp="20191114 23:40:37.293" level="INFO">Clicking link '/us/pokedex/'.</msg>
<status status="PASS" starttime="20191114 23:40:37.292" endtime="20191114 23:40:39.781"></status>
</kw>
<kw name="Wait Until Page Contains" library="SeleniumLibrary">
<doc>Waits until ``text`` appears on the current page.</doc>
<arguments>
<arg>Name or Number</arg>
</arguments>
<status status="PASS" starttime="20191114 23:40:39.781" endtime="20191114 23:40:40.463"></status>
</kw>
<kw name="Input Text" library="SeleniumLibrary">
<doc>Types the given ``text`` into the text field identified by ``locator``.</doc>
<arguments>
<arg>id=searchInput</arg>
<arg>Bulbasaur</arg>
</arguments>
<msg timestamp="20191114 23:40:40.463" level="INFO">Typing text 'Bulbasaur' into text field 'id=searchInput'.</msg>
<status status="PASS" starttime="20191114 23:40:40.463" endtime="20191114 23:40:42.339"></status>
</kw>
<kw name="Wait Until Page Contains" library="SeleniumLibrary">
<doc>Waits until ``text`` appears on the current page.</doc>
<arguments>
<arg>Bulbasaur</arg>
</arguments>
<status status="PASS" starttime="20191114 23:40:42.339" endtime="20191114 23:40:42.530"></status>
</kw>
<kw name="Sleep" library="BuiltIn">
<doc>Pauses the test executed for the given time.</doc>
<arguments>
<arg>5s</arg>
</arguments>
<msg timestamp="20191114 23:40:47.530" level="INFO">Slept 5 seconds</msg>
<status status="PASS" starttime="20191114 23:40:42.530" endtime="20191114 23:40:47.530"></status>
</kw>
<kw name="Close Browser" library="SeleniumLibrary">
<doc>Closes the current browser.</doc>
<status status="PASS" starttime="20191114 23:40:47.531" endtime="20191114 23:40:47.796"></status>
</kw>
<doc>A simple Pokemon.com test</doc>
<tags>
<tag>Smoke</tag>
</tags>
<status status="PASS" starttime="20191114 23:40:28.412" endtime="20191114 23:40:47.797" critical="yes"></status>
</test>
<doc>A simple Amazon.com suite</doc>
<status status="PASS" starttime="20191114 23:40:28.274" endtime="20191114 23:40:47.798"></status>
</suite>
<statistics>
<total>
<stat pass="1" fail="0">Critical Tests</stat>
<stat pass="1" fail="0">All Tests</stat>
</total>
<tag>
<stat pass="1" fail="0">Smoke</stat>
</tag>
<suite>
<stat pass="1" fail="0" id="s1" name="Pokemon">Pokemon</stat>
</suite>
</statistics>
<errors>
</errors>
</robot>
