<?xml version="1.0" encoding="UTF-8"?>
<robot generator="Robot 3.1.2 (Python 3.8.0 on win32)" generated="20191114 21:09:07.343" rpa="false">
<suite id="s1" name="Front Office" source="C:\development\pokemon\pokemon\Tests\Front_Office.robot">
<test id="s1-t1" name="Should be able to access &quot;Team&quot; page">
<kw name="Begin Web Test" library="CommonWeb" type="setup">
<kw name="Open Browser" library="SeleniumLibrary">
<doc>Opens a new browser instance to the optional ``url``.</doc>
<arguments>
<arg>about:blank</arg>
<arg>${BROWSER} remote_url=https://dtranphoto:bd4e1021-fbf7-42cc-8520-f049d3779343@ondemand.saucelabs.com:443/wd/hub</arg>
<arg>desired_capabilities=name:Win 10 + Chrome 70,platform:Windows 10,browserName:chrome,version:70.0</arg>
</arguments>
<msg timestamp="20191114 21:09:07.490" level="INFO">Opening browser 'chrome remote_url=https://dtranphoto:bd4e1021-fbf7-42cc-8520-f049d3779343@ondemand.saucelabs.com:443/wd/hub' to base url 'about:blank'.</msg>
<kw name="Capture Page Screenshot" library="SeleniumLibrary">
<doc>Takes a screenshot of the current page and embeds it into a log file.</doc>
<msg timestamp="20191114 21:09:07.490" level="INFO">Cannot capture screenshot because no browser is open.</msg>
<status status="PASS" starttime="20191114 21:09:07.490" endtime="20191114 21:09:07.490"></status>
</kw>
<msg timestamp="20191114 21:09:07.492" level="FAIL">ValueError: chromeremote_url=https://dtranphoto:bd4e1021-fbf7-42cc-8520-f049d3779343@ondemand.saucelabs.com:443/wd/hub is not a supported browser.</msg>
<status status="FAIL" starttime="20191114 21:09:07.490" endtime="20191114 21:09:07.492"></status>
</kw>
<status status="FAIL" starttime="20191114 21:09:07.490" endtime="20191114 21:09:07.492"></status>
</kw>
<kw name="End Web Test" library="CommonWeb" type="teardown">
<kw name="Close All Browsers" library="SeleniumLibrary">
<doc>Closes all open browsers and resets the browser cache.</doc>
<status status="PASS" starttime="20191114 21:09:07.492" endtime="20191114 21:09:07.492"></status>
</kw>
<status status="PASS" starttime="20191114 21:09:07.492" endtime="20191114 21:09:07.492"></status>
</kw>
<doc>This is test 1</doc>
<tags>
<tag>test1</tag>
</tags>
<status status="FAIL" starttime="20191114 21:09:07.489" endtime="20191114 21:09:07.492" critical="yes">Setup failed:
ValueError: chromeremote_url=https://dtranphoto:bd4e1021-fbf7-42cc-8520-f049d3779343@ondemand.saucelabs.com:443/wd/hub is not a supported browser.</status>
</test>
<test id="s1-t2" name="&quot;Team&quot; page should match requirements">
<kw name="Begin Web Test" library="CommonWeb" type="setup">
<kw name="Open Browser" library="SeleniumLibrary">
<doc>Opens a new browser instance to the optional ``url``.</doc>
<arguments>
<arg>about:blank</arg>
<arg>${BROWSER} remote_url=https://dtranphoto:bd4e1021-fbf7-42cc-8520-f049d3779343@ondemand.saucelabs.com:443/wd/hub</arg>
<arg>desired_capabilities=name:Win 10 + Chrome 70,platform:Windows 10,browserName:chrome,version:70.0</arg>
</arguments>
<msg timestamp="20191114 21:09:07.494" level="INFO">Opening browser 'chrome remote_url=https://dtranphoto:bd4e1021-fbf7-42cc-8520-f049d3779343@ondemand.saucelabs.com:443/wd/hub' to base url 'about:blank'.</msg>
<kw name="Capture Page Screenshot" library="SeleniumLibrary">
<doc>Takes a screenshot of the current page and embeds it into a log file.</doc>
<msg timestamp="20191114 21:09:07.494" level="INFO">Cannot capture screenshot because no browser is open.</msg>
<status status="PASS" starttime="20191114 21:09:07.494" endtime="20191114 21:09:07.494"></status>
</kw>
<msg timestamp="20191114 21:09:07.495" level="FAIL">ValueError: chromeremote_url=https://dtranphoto:bd4e1021-fbf7-42cc-8520-f049d3779343@ondemand.saucelabs.com:443/wd/hub is not a supported browser.</msg>
<status status="FAIL" starttime="20191114 21:09:07.494" endtime="20191114 21:09:07.495"></status>
</kw>
<status status="FAIL" starttime="20191114 21:09:07.494" endtime="20191114 21:09:07.495"></status>
</kw>
<kw name="End Web Test" library="CommonWeb" type="teardown">
<kw name="Close All Browsers" library="SeleniumLibrary">
<doc>Closes all open browsers and resets the browser cache.</doc>
<status status="PASS" starttime="20191114 21:09:07.495" endtime="20191114 21:09:07.495"></status>
</kw>
<status status="PASS" starttime="20191114 21:09:07.495" endtime="20191114 21:09:07.495"></status>
</kw>
<doc>This is test 2</doc>
<tags>
<tag>test2</tag>
</tags>
<status status="FAIL" starttime="20191114 21:09:07.493" endtime="20191114 21:09:07.495" critical="yes">Setup failed:
ValueError: chromeremote_url=https://dtranphoto:bd4e1021-fbf7-42cc-8520-f049d3779343@ondemand.saucelabs.com:443/wd/hub is not a supported browser.</status>
</test>
<doc>Talk about what this suite of tests does</doc>
<status status="FAIL" starttime="20191114 21:09:07.344" endtime="20191114 21:09:07.496"></status>
</suite>
<statistics>
<total>
<stat pass="0" fail="2">Critical Tests</stat>
<stat pass="0" fail="2">All Tests</stat>
</total>
<tag>
<stat pass="0" fail="1">test1</stat>
<stat pass="0" fail="1">test2</stat>
</tag>
<suite>
<stat pass="0" fail="2" id="s1" name="Front Office">Front Office</stat>
</suite>
</statistics>
<errors>
</errors>
</robot>
