<?xml version="1.0" encoding="UTF-8"?>
<robot generator="Robot 3.1.2 (Python 3.8.0 on win32)" generated="20191113 23:00:55.518" rpa="false">
<suite id="s1" name="Front Office" source="C:\development\pokemon\pokemon\Tests\Front_Office.robot">
<test id="s1-t1" name="Should be able to access &quot;Team&quot; page">
<kw name="Begin Web Test" library="CommonWeb" type="setup">
<kw name="Open Browser" library="SeleniumLibrary">
<doc>Opens a new browser instance to the optional ``url``.</doc>
<arguments>
<arg>about:blank</arg>
<arg>${BROWSER}</arg>
</arguments>
<msg timestamp="20191113 23:00:55.695" level="INFO">Opening browser 'chrome' to base url 'about:blank'.</msg>
<status status="PASS" starttime="20191113 23:00:55.695" endtime="20191113 23:01:00.857"></status>
</kw>
<status status="PASS" starttime="20191113 23:00:55.695" endtime="20191113 23:01:00.857"></status>
</kw>
<kw name="Go to Landing Page" library="FrontOfficeApp">
<kw name="Navigate To" library="Landing">
<kw name="Go To" library="SeleniumLibrary">
<doc>Navigates the current browser window to the provided ``url``.</doc>
<arguments>
<arg>${URL}</arg>
</arguments>
<msg timestamp="20191113 23:01:00.858" level="INFO">Opening url 'http://www.robotframeworktutorial.com/front-office'</msg>
<status status="PASS" starttime="20191113 23:01:00.857" endtime="20191113 23:01:02.126"></status>
</kw>
<status status="PASS" starttime="20191113 23:01:00.857" endtime="20191113 23:01:02.126"></status>
</kw>
<kw name="Verify Page Loaded" library="Landing">
<kw name="Wait Until Page Contains Element" library="SeleniumLibrary">
<doc>Waits until the element ``locator`` appears on the current page.</doc>
<arguments>
<arg>${LANDING_NAVIGATION_ELEMENT}</arg>
</arguments>
<status status="PASS" starttime="20191113 23:01:02.126" endtime="20191113 23:01:02.134"></status>
</kw>
<status status="PASS" starttime="20191113 23:01:02.126" endtime="20191113 23:01:02.134"></status>
</kw>
<status status="PASS" starttime="20191113 23:01:00.857" endtime="20191113 23:01:02.134"></status>
</kw>
<kw name="Go to &quot;Team&quot; Page" library="FrontOfficeApp">
<kw name="Select &quot;Team&quot; Page" library="TopNav">
<kw name="Click Element" library="SeleniumLibrary">
<doc>Click the element identified by ``locator``.</doc>
<arguments>
<arg>${TOP_NAV_TEAM_LINK}</arg>
</arguments>
<msg timestamp="20191113 23:01:02.135" level="INFO">Clicking element 'css=#bs-example-navbar-collapse-1 &gt; ul &gt; li:nth-child(5) &gt; a'.</msg>
<status status="PASS" starttime="20191113 23:01:02.135" endtime="20191113 23:01:02.170"></status>
</kw>
<kw name="Sleep" library="BuiltIn">
<doc>Pauses the test executed for the given time.</doc>
<arguments>
<arg>3s</arg>
</arguments>
<msg timestamp="20191113 23:01:05.172" level="INFO">Slept 3 seconds</msg>
<status status="PASS" starttime="20191113 23:01:02.170" endtime="20191113 23:01:05.172"></status>
</kw>
<status status="PASS" starttime="20191113 23:01:02.135" endtime="20191113 23:01:05.172"></status>
</kw>
<kw name="Verify Page Loaded" library="Team">
<kw name="Wait Until Page Contains Element" library="SeleniumLibrary">
<doc>Waits until the element ``locator`` appears on the current page.</doc>
<arguments>
<arg>${TEAM_HEADER_LABEL}</arg>
</arguments>
<status status="PASS" starttime="20191113 23:01:05.172" endtime="20191113 23:01:05.180"></status>
</kw>
<status status="PASS" starttime="20191113 23:01:05.172" endtime="20191113 23:01:05.180"></status>
</kw>
<status status="PASS" starttime="20191113 23:01:02.134" endtime="20191113 23:01:05.180"></status>
</kw>
<kw name="End Web Test" library="CommonWeb" type="teardown">
<kw name="Close All Browsers" library="SeleniumLibrary">
<doc>Closes all open browsers and resets the browser cache.</doc>
<status status="PASS" starttime="20191113 23:01:05.181" endtime="20191113 23:01:07.255"></status>
</kw>
<status status="PASS" starttime="20191113 23:01:05.180" endtime="20191113 23:01:07.255"></status>
</kw>
<doc>This is test 1</doc>
<tags>
<tag>test1</tag>
</tags>
<status status="PASS" starttime="20191113 23:00:55.695" endtime="20191113 23:01:07.255" critical="yes"></status>
</test>
<test id="s1-t2" name="&quot;Team&quot; page should match requirements">
<kw name="Begin Web Test" library="CommonWeb" type="setup">
<kw name="Open Browser" library="SeleniumLibrary">
<doc>Opens a new browser instance to the optional ``url``.</doc>
<arguments>
<arg>about:blank</arg>
<arg>${BROWSER}</arg>
</arguments>
<msg timestamp="20191113 23:01:07.257" level="INFO">Opening browser 'chrome' to base url 'about:blank'.</msg>
<status status="PASS" starttime="20191113 23:01:07.257" endtime="20191113 23:01:12.272"></status>
</kw>
<status status="PASS" starttime="20191113 23:01:07.257" endtime="20191113 23:01:12.272"></status>
</kw>
<kw name="Go to Landing Page" library="FrontOfficeApp">
<kw name="Navigate To" library="Landing">
<kw name="Go To" library="SeleniumLibrary">
<doc>Navigates the current browser window to the provided ``url``.</doc>
<arguments>
<arg>${URL}</arg>
</arguments>
<msg timestamp="20191113 23:01:12.273" level="INFO">Opening url 'http://www.robotframeworktutorial.com/front-office'</msg>
<status status="PASS" starttime="20191113 23:01:12.273" endtime="20191113 23:01:13.536"></status>
</kw>
<status status="PASS" starttime="20191113 23:01:12.273" endtime="20191113 23:01:13.536"></status>
</kw>
<kw name="Verify Page Loaded" library="Landing">
<kw name="Wait Until Page Contains Element" library="SeleniumLibrary">
<doc>Waits until the element ``locator`` appears on the current page.</doc>
<arguments>
<arg>${LANDING_NAVIGATION_ELEMENT}</arg>
</arguments>
<status status="PASS" starttime="20191113 23:01:13.536" endtime="20191113 23:01:13.543"></status>
</kw>
<status status="PASS" starttime="20191113 23:01:13.536" endtime="20191113 23:01:13.543"></status>
</kw>
<status status="PASS" starttime="20191113 23:01:12.273" endtime="20191113 23:01:13.543"></status>
</kw>
<kw name="Go to &quot;Team&quot; Page" library="FrontOfficeApp">
<kw name="Select &quot;Team&quot; Page" library="TopNav">
<kw name="Click Element" library="SeleniumLibrary">
<doc>Click the element identified by ``locator``.</doc>
<arguments>
<arg>${TOP_NAV_TEAM_LINK}</arg>
</arguments>
<msg timestamp="20191113 23:01:13.544" level="INFO">Clicking element 'css=#bs-example-navbar-collapse-1 &gt; ul &gt; li:nth-child(5) &gt; a'.</msg>
<status status="PASS" starttime="20191113 23:01:13.544" endtime="20191113 23:01:13.587"></status>
</kw>
<kw name="Sleep" library="BuiltIn">
<doc>Pauses the test executed for the given time.</doc>
<arguments>
<arg>3s</arg>
</arguments>
<msg timestamp="20191113 23:01:16.589" level="INFO">Slept 3 seconds</msg>
<status status="PASS" starttime="20191113 23:01:13.587" endtime="20191113 23:01:16.589"></status>
</kw>
<status status="PASS" starttime="20191113 23:01:13.544" endtime="20191113 23:01:16.590"></status>
</kw>
<kw name="Verify Page Loaded" library="Team">
<kw name="Wait Until Page Contains Element" library="SeleniumLibrary">
<doc>Waits until the element ``locator`` appears on the current page.</doc>
<arguments>
<arg>${TEAM_HEADER_LABEL}</arg>
</arguments>
<status status="PASS" starttime="20191113 23:01:16.591" endtime="20191113 23:01:16.606"></status>
</kw>
<status status="PASS" starttime="20191113 23:01:16.590" endtime="20191113 23:01:16.606"></status>
</kw>
<status status="PASS" starttime="20191113 23:01:13.544" endtime="20191113 23:01:16.607"></status>
</kw>
<kw name="Validate &quot;Team&quot; Page" library="FrontOfficeApp">
<kw name="Validate Page Contents" library="Team">
<kw name="Get Text" library="SeleniumLibrary">
<doc>Returns the text value of the element identified by ``locator``.</doc>
<arguments>
<arg>${TEAM_HEADER_LABEL}</arg>
</arguments>
<assign>
<var>${ElementText}</var>
</assign>
<msg timestamp="20191113 23:01:16.620" level="INFO">${ElementText} = OUR AMAZING TEAM</msg>
<status status="PASS" starttime="20191113 23:01:16.607" endtime="20191113 23:01:16.620"></status>
</kw>
<kw name="Should Be Equal As Strings" library="BuiltIn">
<doc>Fails if objects are unequal after converting them to strings.</doc>
<arguments>
<arg>${ElementText}</arg>
<arg>Our Amazing Team</arg>
<arg>ignore_case=true</arg>
</arguments>
<status status="PASS" starttime="20191113 23:01:16.620" endtime="20191113 23:01:16.620"></status>
</kw>
<status status="PASS" starttime="20191113 23:01:16.607" endtime="20191113 23:01:16.620"></status>
</kw>
<status status="PASS" starttime="20191113 23:01:16.607" endtime="20191113 23:01:16.620"></status>
</kw>
<kw name="End Web Test" library="CommonWeb" type="teardown">
<kw name="Close All Browsers" library="SeleniumLibrary">
<doc>Closes all open browsers and resets the browser cache.</doc>
<status status="PASS" starttime="20191113 23:01:16.621" endtime="20191113 23:01:18.683"></status>
</kw>
<status status="PASS" starttime="20191113 23:01:16.621" endtime="20191113 23:01:18.684"></status>
</kw>
<doc>This is test 2</doc>
<tags>
<tag>test2</tag>
</tags>
<status status="PASS" starttime="20191113 23:01:07.256" endtime="20191113 23:01:18.685" critical="yes"></status>
</test>
<doc>Talk about what this suite of tests does</doc>
<status status="PASS" starttime="20191113 23:00:55.519" endtime="20191113 23:01:18.686"></status>
</suite>
<statistics>
<total>
<stat pass="2" fail="0">Critical Tests</stat>
<stat pass="2" fail="0">All Tests</stat>
</total>
<tag>
<stat pass="1" fail="0">test1</stat>
<stat pass="1" fail="0">test2</stat>
</tag>
<suite>
<stat pass="2" fail="0" id="s1" name="Front Office">Front Office</stat>
</suite>
</statistics>
<errors>
</errors>
</robot>
